total 216
drwxr-xr-x 7 fxlip fxlip  4096 fev  8 11:07 .
drwxr-xr-x 4 fxlip fxlip  4096 fev  1 01:32 ..
-rw-r--r-- 1 fxlip fxlip    93 fev  1 01:32 alunos2.txt
-rw-r--r-- 1 fxlip fxlip   197 fev  1 01:32 alunos.txt
-rw-r--r-- 1 fxlip fxlip    93 fev  1 01:32 ArquivoGeradoLinux.txt
-rw-r--r-- 1 fxlip fxlip   101 fev  1 01:32 ArquivoGeradoWindows.txt
-rw-r--r-- 1 fxlip fxlip  4965 fev  1 01:32 arquivolongo.txt
-rw-r--r-- 1 fxlip fxlip  2065 fev  1 01:32 arquivolongo.txt.bz2
-rw-r--r-- 1 fxlip fxlip  1989 jul 19  2023 arquivolongo.txt.gz
-rw-r--r-- 1 fxlip fxlip  2020 fev  1 01:32 arquivolongo.txt.xz
drwxr-xr-x 2 fxlip fxlip  4096 fev  7 15:46 Aulas
-rw-r--r-- 1 fxlip fxlip  5510 fev  4 14:41 backup2.tbz
-rw-r--r-- 1 fxlip fxlip  5236 fev  4 14:35 backup2.tgz
-rw-r--r-- 1 fxlip fxlip  8192 fev  4 14:59 backup.cpio
-rw-r--r-- 1 fxlip fxlip  5040 fev  4 15:00 backup.cpio.gz
-rw-r--r-- 1 fxlip fxlip 20480 fev  4 13:55 backup.tar
-rw-r--r-- 1 fxlip fxlip  2778 fev  4 13:55 backup.tar.bz2
-rw-r--r-- 1 fxlip fxlip  2439 fev  4 13:55 backup.tar.gz
-rw-r--r-- 1 fxlip fxlip  2356 fev  4 13:55 backup.tar.xz
-rw-r--r-- 1 fxlip fxlip    38 fev  1 01:32 codigo-aluno.txt
drwxr-xr-x 3 fxlip fxlip  4096 fev  4 12:26 Curso
drwxr-xr-x 3 fxlip fxlip  4096 fev  4 14:48 Exemplos
drwxr-xr-x 2 fxlip fxlip  4096 fev  7 15:46 Exercicios
-rw-r--r-- 1 fxlip fxlip    21 fev  1 01:32 notas-aluno.txt
-rw-r--r-- 1 fxlip fxlip    99 fev  1 01:32 NovoArquivo
-rw-r--r-- 1 fxlip fxlip   777 fev  1 01:32 novo_arquivo2_aa
-rw-r--r-- 1 fxlip fxlip   777 fev  1 01:32 novo_arquivo2_ab
-rw-r--r-- 1 fxlip fxlip   777 fev  1 01:32 novo_arquivo2_ac
-rw-r--r-- 1 fxlip fxlip   777 fev  1 01:32 novo_arquivo2_ad
-rw-r--r-- 1 fxlip fxlip   777 fev  1 01:32 novo_arquivo2_ae
-rw-r--r-- 1 fxlip fxlip   777 fev  1 01:32 novo_arquivo2_af
-rw-r--r-- 1 fxlip fxlip   303 fev  1 01:32 novo_arquivo2_ag
-rw-r--r-- 1 fxlip fxlip   811 fev  1 01:32 novo_arquivo_aa.gz
-rw-r--r-- 1 fxlip fxlip   710 fev  1 01:32 novo_arquivo_ab.gz
-rw-r--r-- 1 fxlip fxlip   967 fev  1 01:32 novo_arquivo_ac.gz
-rw-r--r-- 1 fxlip fxlip   100 fev  1 01:32 novo_arquivo_ad.gz
-rw-r--r-- 1 fxlip fxlip   723 fev  1 01:32 revisao1.md
-rw-r--r-- 1 fxlip fxlip     0 fev  8 11:07 saida_ls.out
-rwxr-xr-x 1 fxlip fxlip    91 fev  1 01:32 Script_Exemplo.sh
-rwxr-xr-x 1 fxlip fxlip   123 fev  1 01:32 Script_Variavel.sh
drwxr-xr-x 2 fxlip fxlip  4096 fev  4 15:03 testecpio
-rw-r--r-- 1 fxlip fxlip   257 fev  1 01:32 texto.txt
-rw-r--r-- 1 fxlip fxlip  1507 fev  1 01:32 xaa
-rw-r--r-- 1 fxlip fxlip  1354 fev  1 01:32 xab
-rw-r--r-- 1 fxlip fxlip  2026 fev  1 01:32 xac
-rw-r--r-- 1 fxlip fxlip    78 fev  1 01:32 xad
