Bug fixes:

* Fix undefined method error when printing alert. Pull request #1884 by
  Robert Ross.
* Frozen string fix - lib/rubygems/bundler_version_finder.rb. Pull request
  #2115 by MSP-Greg.
* Fixed typos. Pull request #2143 by SHIBATA Hiroshi.
* Fix regression of destdir on Windows platform. Pull request #2178 by
  SHIBATA Hiroshi.
* Fixed no assignment variables about default gems installation. Pull
  request #2181 by SHIBATA Hiroshi.
* Fix spelling errors in the README. Pull request #2187 by Colby Swandale.
* Missing comma creates ambiguous meaning. Pull request #2190 by Clifford
  Heath.
* Fix getting started instructions. Pull request #2198 by Luis Sagastume.
* Fix rubygems dev env. Pull request #2201 by Luis Sagastume.
* Fix #1470: generate documentation when --install-dir is present. Pull
  request #2229 by Elias Hernandis.
* Fix activation when multiple platforms installed. Pull request #2339 by
  MSP-Greg.
* Fix required_ruby_version with prereleases and improve error message.
  Pull request #2344 by David Rodríguez.
* Update tests for 'newer' Windows builds. Pull request #2348 by MSP-Greg.
* Fix broken rubocop task by upgrading to 0.58.1. Pull request #2356 by
  David Rodríguez.
* Gem::Version should handle nil like it used to before. Pull request
  #2363 by Luis Sagastume.
* Avoid need of C++ compiler to pass the test suite. Pull request #2367 by
  Vít Ondruch.
* Fix auto resign expired certificate. Pull request #2380 by Luis
  Sagastume.
* Skip permissions-dependent test when root. Pull request #2386 by Alyssa
  Ross.
* Fix test that depended on /usr/bin being in PATH. Pull request #2387 by
  Alyssa Ross.
* Fixed test fail with mswin environment. Pull request #2390 by SHIBATA
  Hiroshi.
* Fix broken builds using the correct rubocop version. Pull request #2396
  by Luis Sagastume.
* Fix extension builder failure when verbose. Pull request #2457 by Sorah
  Fukumori.
* Fix test warnings. Pull request #2472 by MSP-Greg.
* The test suite of bundler is not present ruby description. Pull request
  #2484 by SHIBATA Hiroshi.
* Fix crash on certain gemspecs. Pull request #2506 by David Rodríguez.
* Fixed test fails with the newer version of OpenSSL. Pull request #2507
  by SHIBATA Hiroshi.
* Fix broken symlink that points to ../*. Pull request #2516 by Akira
  Matsuda.
* Fix remote fetcher tests. Pull request #2520 by Luis Sagastume.
* Fix tests when --program-suffix and similar ruby configure options are
  used. Pull request #2529 by Jeremy Evans.

Compatibility changes:

* IO.binread is not provided at Ruby 1.8. Pull request #2093 by SHIBATA
  Hiroshi.
* Ignored to publish rdoc documentation of rubygems for
  docs.seattlerb.org. Pull request #2105 by SHIBATA Hiroshi.
* Support pre-release RubyGems. Pull request #2128 by SHIBATA Hiroshi.
* Relax minitest version for 5. Pull request #2131 by SHIBATA Hiroshi.
* Remove zentest from dev dependency. Pull request #2132 by SHIBATA
  Hiroshi.
* Remove hoe for test suite. Pull request #2160 by SHIBATA Hiroshi.
* Cleanup deprecated tasks. Pull request #2162 by SHIBATA Hiroshi.
* Drop to support Ruby < 2.2. Pull request #2182 by SHIBATA Hiroshi.
* Cleanup deprecated style. Pull request #2193 by SHIBATA Hiroshi.
* Remove CVEs from the rubygems repo. Pull request #2195 by Colby
  Swandale.
* Removed needless condition for old version of ruby. Pull request #2206
  by SHIBATA Hiroshi.
* Removed deprecated methods over the limit day. Pull request #2216 by
  SHIBATA Hiroshi.
* Remove syck support. Pull request #2222 by SHIBATA Hiroshi.
* Removed needless condition for Encoding. Pull request #2223 by SHIBATA
  Hiroshi.
* Removed needless condition for String#force_encoding. Pull request #2225
  by SHIBATA Hiroshi.
* Removed needless OpenSSL patch for Ruby 1.8. Pull request #2243 by
  SHIBATA Hiroshi.
* Removed compatibility code for Ruby 1.9.2. Pull request #2244 by SHIBATA
  Hiroshi.
* Removed needless version condition for the old ruby. Pull request #2252
  by SHIBATA Hiroshi.
* Remove needless define/respond_to condition. Pull request #2255 by
  SHIBATA Hiroshi.
* Use File.realpath directly in Gem::Package. Pull request #2284 by
  SHIBATA Hiroshi.
* Removed needless condition for old versions of Ruby. Pull request #2286
  by SHIBATA Hiroshi.
* Remove the --rdoc and --ri options from install/update. Pull request
  #2354 by Colby Swandale.
* Move authors assigner to required attributes section of
  Gem::Specification. Pull request #2406 by Grey Baker.
* Remove rubyforge_page functionality. Pull request #2436 by Nick
  Schwaderer.
* Drop ruby 1.8 support and use IO.popen. Pull request #2441 by Nobuyoshi
  Nakada.
* Drop ruby 2.2 support. Pull request #2487 by David Rodríguez.
* Remove some old compatibility code. Pull request #2488 by David
  Rodríguez.
* Remove .document from src. Pull request #2489 by Colby Swandale.
* Remove old version support. Pull request #2493 by Nobuyoshi Nakada.
* [BudlerVersionFinder] set .filter! and .compatible? to match only on
  major versions. Pull request #2515 by Colby Swandale.

Style changes:

* Add Rubocop. Pull request #2250 by Colby Swandale.
* Removed explicitly declaration of thread library. Pull request #2324 by
  SHIBATA Hiroshi.
* Remove Trailing whitespace with rubocop. Pull request #2394 by SHIBATA
  Hiroshi.
* Update rubocop and also use correct pessimistic version. Pull request
  #2404 by Colby Swandale.
* Enable more rubocop rules. Pull request #2435 by Ellen Marie Dash.
* Fix and lock rubocop. Pull request #2465 by David Rodríguez.
* Add a rubocop binstub. Pull request #2468 by David Rodríguez.
* Restore the `rubocop` task. Pull request #2470 by David Rodríguez.
* Remove trailing blank lines. Pull request #2471 by David Rodríguez.
* Remove empty lines around method bodies. Pull request #2473 by David
  Rodríguez.
* Enable Style/MethodDefParentheses in Rubocop. Pull request #2478 by
  Colby Swandale.
* Enable Style/MultilineIfThen in Rubocop. Pull request #2479 by Luis
  Sagastume.
* Remove trailing 'then' from generated code. Pull request #2480 by Luis
  Sagastume.

=== 2.7.10 / 2019-06-14

Minor enhancements:

* Fix bundler rubygems binstub not properly looking for bundler. Pull request #2426
  by David Rodríguez.
* [BudlerVersionFinder] set .filter! and .compatible? to match only on major versions.
  Pull request #2515 by Colby Swandale.
+ Update for compatibilty with new minitest. Pull request #2118 by MSP-Greg.

=== 2.7.9 / 2019-03-05

Security fixes:

* Fixed following vulnerabilities:
  * CVE-2019-8320: Delete directory using symlink when decompressing tar
  * CVE-2019-8321: Escape sequence injection vulnerability in `verbose`
  * CVE-2019-8322: Escape sequence injection vulnerability in `gem owner`
  * CVE-2019-8323: Escape sequence injection vulnerability in API response handling
  * CVE-2019-8324: Installing a malicious gem may lead to arbitrary code execution
  * CVE-2019-8325: Escape sequence injection vulnerability in errors

=== 2.7.8 / 2018-11-02

Minor enhancements:

* [Requirement] Treat requirements with == versions as equal. Pull
  request #2230 by Samuel Giddins.
* Fix exec_name documentation. Pull request #2239 by Luis Sagastume.
* [TarHeader] Extract the empty header into a constant. Pull request #2247
  by Samuel Giddins.
* Simplify the code that lets us call the original, non-monkeypatched
  Kernel#require. Pull request #2267 by Leon Miller-Out.
* Add install alias documentation. Pull request #2320 by ota42y.
* [Rakefile] Set bundler build metadata when doing a release. Pull request
  #2335 by Samuel Giddins.
* Backport commits from ruby core . Pull request #2347 by SHIBATA Hiroshi.
* Sign in to the correct host before push. Pull request #2366 by Luis
  Sagastume.
* Bump bundler-1.16.4. Pull request #2381 by SHIBATA Hiroshi.
* Improve bindir flag description. Pull request #2383 by Luis Sagastume.
* Update bundler-1.16.6. Pull request #2423 by SHIBATA Hiroshi.

Bug fixes:

* Fix #1470: generate documentation when --install-dir is present. Pull
  request #2229 by Elias Hernandis.
* Fix no proxy checking. Pull request #2249 by Luis Sagastume.
* Validate SPDX license exceptions. Pull request #2257 by Mikit.
* Retry api specification spec with original platform. Pull request #2275
  by Luis Sagastume.
* Fix approximate recommendation with prereleases. Pull request #2345 by
  David Rodríguez.
* Gem::Version should handle nil like it used to before. Pull request
  #2363 by Luis Sagastume.

=== 2.7.7 / 2018-05-08

Minor enhancements:

* [RequestSet] Only suggest a gem version with an installable platform.
  Pull request #2175 by Samuel Giddins.
* Fixed no assignment variables about default gems installation. Pull
  request #2181 by SHIBATA Hiroshi.
* Backport improvements for test-case from Ruby core. Pull request #2189
  by SHIBATA Hiroshi.
* Fix ruby warnings in test suite. Pull request #2205 by Colby Swandale.
* To use Gem::Specification#bindir of bundler instead of hard coded path.
  Pull request #2208 by SHIBATA Hiroshi.
* Update gem push --help description. Pull request #2215 by Luis
  Sagastume.
* Backport ruby core commits. Pull request #2264 by SHIBATA Hiroshi.

Bug fixes:

* Frozen string fix - lib/rubygems/bundler_version_finder.rb. Pull request
  #2115 by MSP-Greg.
* Fixed tempfile leak for RubyGems 2.7.6. Pull request #2194 by SHIBATA
  Hiroshi.
* Add missing requires. Pull request #2196 by David Rodríguez.
* Fix Gem::Version.correct?. Pull request #2203 by Masato Nakamura.
* Fix verify_entry regex for metadata. Pull request #2212 by Luis
  Sagastume.
* Fix path checks for case insensitive filesystem. Pull request #2211 by
  Lars Kanis.

Compatibility changes:

* Deprecate unused code before removing them at #1524. Pull request #2197
  by SHIBATA Hiroshi.
* Deprecate for rubygems 3. Pull request #2214 by SHIBATA Hiroshi.
* Mark deprecation to `ubygems.rb` for RubyGems 4. Pull request #2269 by
  SHIBATA Hiroshi.
* Update bundler-1.16.2. Pull request #2291 by SHIBATA Hiroshi.

=== 2.7.6 / 2018-02-16

Security fixes:

* Prevent path traversal when writing to a symlinked basedir outside of the root.
  Discovered by nmalkin, fixed by Jonathan Claudius and Samuel Giddins.
* Fix possible Unsafe Object Deserialization Vulnerability in gem owner.
  Fixed by Jonathan Claudius.
* Strictly interpret octal fields in tar headers.
  Discoved by plover, fixed by Samuel Giddins.
* Raise a security error when there are duplicate files in a package.
  Discovered by plover, fixed by Samuel Giddins.
* Enforce URL validation on spec homepage attribute.
  Discovered by Yasin Soliman, fixed by Jonathan Claudius.
* Mitigate XSS vulnerability in homepage attribute when displayed via `gem server`.
  Discovered by Yasin Soliman, fixed by Jonathan Claudius.
* Prevent Path Traversal issue during gem installation.
  Discovered by nmalkin.

=== 2.7.5

Bug fixes:

* To use bundler-1.16.1 #2121 by SHIBATA Hiroshi.
* Fixed leaked FDs. Pull request #2127 by Nobuyoshi Nakada.
* Support option for `--destdir` with upgrade installer. #2169 by Thibault Jouan.
* Remove PID from gem index directory. #2155 by SHIBATA Hiroshi.
* Avoid a #mkdir race condition #2148 by Samuel Giddins.
* Gem::Util.traverse_parents should not crash on permissions error #2147 by Robert Ulejczyk.
* Use `File.open` instead of `open`. #2142 by SHIBATA Hiroshi.
* Set whether bundler is used for gemdeps with an environmental variable #2126 by SHIBATA Hiroshi.
* Fix undefined method error when printing alert #1884 by Robert Ross.

=== 2.7.4

Bug fixes:

* Fixed leaked FDs. Pull request #2127 by Nobuyoshi Nakada.
* Avoid to warnings about gemspec loadings in rubygems tests. Pull request
  #2125 by SHIBATA Hiroshi.
* Fix updater with rubygems-2.7.3 Pull request #2124 by SHIBATA Hiroshi.
* Handle environment that does not have `flock` system call. Pull request
  #2107 by SHIBATA Hiroshi.

=== 2.7.3

Minor enhancements:

* Removed needless version lock. Pull request #2074 by SHIBATA Hiroshi.
* Add --[no-]check-development option to cleanup command. Pull request
  #2061 by Lin Jen-Shin (godfat).
* Merge glob pattern using braces. Pull request #2072 by Kazuhiro
  NISHIYAMA.
* Removed warnings of unused variables. Pull request #2084 by SHIBATA
  Hiroshi.
* Call SPDX.org using HTTPS. Pull request #2102 by Olle Jonsson.
* Remove multi load warning from plugins documentation. Pull request #2103
  by Thibault Jouan.

Bug fixes:

* Fix test failure on Alpine Linux. Pull request #2079 by Ellen Marie
  Dash.
* Avoid encoding issues by using binread in setup. Pull request #2089 by
  Mauro Morales.
* Fix rake install_test_deps once the rake clean_env does not exist. Pull
  request #2090 by Lucas Oliveira.
* Prevent to delete to "bundler-" prefix gem like bundler-audit. Pull
  request #2086 by SHIBATA Hiroshi.
* Generate .bat files on Windows platform. Pull request #2094 by SHIBATA
  Hiroshi.
* Workaround common options mutation in Gem::Command test. Pull request
  #2098 by Thibault Jouan.
* Check gems dir existence before removing bundler. Pull request #2104 by
  Thibault Jouan.
* Use setup command --regenerate-binstubs option flag. Pull request #2099
  by Thibault Jouan.

=== 2.7.2

Bug fixes:

* Added template files to vendoerd bundler. Pull request #2065 by SHIBATA
  Hiroshi.
* Added workaround for non-git environment. Pull request #2066 by SHIBATA
  Hiroshi.

=== 2.7.1 (2017-11-03)

Bug fixes:

* Fix `gem update --system` with RubyGems 2.7+. Pull request #2054 by
  Samuel Giddins.

=== 2.7.0 (2017-11-02)

Major enhancements:

* Update vendored bundler-1.16.0. Pull request #2051 by Samuel Giddins.
* Use Bundler for Gem.use_gemdeps. Pull request #1674 by Samuel Giddins.
* Add command `signin` to `gem` CLI. Pull request #1944 by Shiva Bhusal.
* Add Logout feature to CLI. Pull request #1938 by Shiva Bhusal.

Minor enhancements:

* Added message to uninstall command for gem that is not installed. Pull
  request #1979 by anant anil kolvankar.
* Add --trust-policy option to unpack command. Pull request #1718 by
  Nobuyoshi Nakada.
* Show default gems for all platforms. Pull request #1685 by Konstantin
  Shabanov.
* Add Travis and Appveyor build status to README. Pull request #1918 by
  Jun Aruga.
* Remove warning `no email specified` when no email. Pull request #1675 by
  Leigh McCulloch.
* Improve -rubygems performance. Pull request #1801 by Samuel Giddins.
* Improve the performance of Kernel#require. Pull request #1678 by Samuel
  Giddins.
* Improve user-facing messages by consistent casing of Ruby/RubyGems. Pull
  request #1771 by John Labovitz.
* Improve error message when Gem::RuntimeRequirementNotMetError is raised.
  Pull request #1789 by Luis Sagastume.
* Code Improvement: Inheritance corrected. Pull request #1942 by Shiva
  Bhusal.
* [Source] Autoload fileutils. Pull request #1906 by Samuel Giddins.
* Use Hash#fetch instead of if/else in Gem::ConfigFile. Pull request #1824
  by Daniel Berger.
* Require digest when it is used. Pull request #2006 by Samuel Giddins.
* Do not index the doc folder in the `update_manifest` task. Pull request
  #2031 by Colby Swandale.
* Don't use two postfix conditionals on one line. Pull request #2038 by
  Ellen Marie Dash.
* [SafeYAML] Avoid warning when Gem::Deprecate.skip is set. Pull request
  #2034 by Samuel Giddins.
* Update gem yank description. Pull request #2009 by David Radcliffe.
* Fix formatting of installation instructions in README. Pull request
  #2018 by Jordan Danford.
* Do not use #quick_spec internally. Pull request #1733 by Jon Moss.
* Switch from docs to guides reference. Pull request #1886 by Jonathan
  Claudius.
* Happier message when latest version is already installed. Pull request
  #1956 by Jared Beck.
* Update specification reference docs. Pull request #1960 by Grey Baker.
* Allow Gem.finish_resolve to respect already-activated specs. Pull
  request #1910 by Samuel Giddins.
* Update cryptography for Gem::Security. Pull request #1691 by Sylvain
  Daubert.
* Don't output mkmf.log message if compilation didn't fail. Pull request
  #1808 by Jeremy Evans.
* Matches_for_glob - remove root path. Pull request #2010 by ahorek.
* Gem::Resolver#search_for update for reliable searching/sorting. Pull
  request #1993 by MSP-Greg.
* Allow local installs with transitive prerelease requirements. Pull
  request #1990 by Samuel Giddins.
* Small style fixes to Installer Set. Pull request #1985 by Arthur
  Marzinkovskiy.
* Setup cmd: Avoid terminating option string w/ dot. Pull request #1825 by
  Olle Jonsson.
* Warn when no files are set. Pull request #1773 by Aidan Coyle.
* Ensure `to_spec` falls back on prerelease specs. Pull request #1755 by
  André Arko.
* [Specification] Eval setting default attributes in #initialize. Pull
  request #1739 by Samuel Giddins.
* Sort ordering of sources is preserved. Pull request #1633 by Nathan
  Ladd.
* Retry with :prerelease when no suggestions are found. Pull request #1696
  by Aditya Prakash.
* [Rakefile] Run `git submodule update --init` in `rake newb`. Pull
  request #1694 by Samuel Giddins.
* [TestCase] Address comments around ui changes. Pull request #1677 by
  Samuel Giddins.
* Eagerly resolve in activate_bin_path. Pull request #1666 by Samuel
  Giddins.
* [Version] Make hash based upon canonical segments. Pull request #1659 by
  Samuel Giddins.
* Add Ruby Together CTA, rearrange README a bit. Pull request #1775 by
  Michael Bernstein.
* Update Contributing.rdoc with new label usage. Pull request #1716 by
  Lynn Cyrin.
* Add --host sample to help. Pull request #1709 by Code Ahss.
* Add a helpful suggestion when `gem install` fails due to required_rub….
  Pull request #1697 by Samuel Giddins.
* Add cert expiration length flag. Pull request #1725 by Luis Sagastume.
* Add submodule instructions to manual install. Pull request #1727 by
  Joseph Frazier.
* Allow usage of multiple `--version` operators. Pull request #1546 by
  James Wen.
* Warn when requiring deprecated files. Pull request #1939 by Ellen Marie
  Dash.

Compatibility changes:

* Use `-rrubygems` instead of `-rubygems.rb`. Because ubygems.rb is
  unavailable on Ruby 2.5. Pull request #2028 #2027 #2029
  by SHIBATA Hiroshi.
* Deprecate Gem::InstallerTestCase#util_gem_bindir and
  Gem::InstallerTestCase#util_gem_dir. Pull request #1729 by Jon Moss.
* Deprecate passing options to Gem::GemRunner. Pull request #1730 by Jon
  Moss.
* Add deprecation for Gem#datadir. Pull request #1732 by Jon Moss.
* Add deprecation warning for Gem::DependencyInstaller#gems_to_install.
  Pull request #1731 by Jon Moss.
* Update Code of Conduct to Contributor Covenant v1.4.0. Pull request
  #1796 by Matej.

Bug fixes:

* Fix issue for MinGW / MSYS2 builds and testing. Pull request #1876 by
  MSP-Greg.
* Fixed broken links and overzealous URL encoding in gem server. Pull
  request #1809 by Nicole Orchard.
* Fix a typo. Pull request #1722 by Koichi ITO.
* Fix error message Gem::Security::Policy. Pull request #1724 by Nobuyoshi
  Nakada.
* Fixing links markdown formatting in README. Pull request #1791 by Piotr
  Kuczynski.
* Fix failing Bundler 1.8.7 CI builds. Pull request #1820 by Samuel
  Giddins.
* Fixed test broken on ruby-head . Pull request #1842 by SHIBATA Hiroshi.
* Fix typos with misspell. Pull request #1846 by SHIBATA Hiroshi.
* Fix gem open to open highest version number rather than lowest. Pull
  request #1877 by Tim Pope.
* Fix test_self_find_files_with_gemfile to sort expected files. Pull
  request #1878 by Kazuaki Matsuo.
* Fix typos in CONTRIBUTING.rdoc. Pull request #1909 by Mark Sayson.
* Fix some small documentation issues in installer. Pull request #1972 by
  Colby Swandale.
* Fix links in Policies document. Pull request #1964 by Alyssa Ross.
* Fix NoMethodError on bundler/inline environment. Pull request #2042 by
  SHIBATA Hiroshi.
* Correct comments for Gem::InstallerTestCase#setup. Pull request #1741 by
  MSP-Greg.
* Use File.expand_path for certification and key location. Pull request
  #1987 by SHIBATA Hiroshi.
* Rescue EROFS. Pull request #1417 by Nobuyoshi Nakada.
* Fix spelling of 'vulnerability'. Pull request #2022 by Philip Arndt.
* Fix metadata link key names. Pull request #1896 by Aditya Prakash.
* Fix a typo in uninstall_command.rb. Pull request #1934 by Yasuhiro
  Horimoto.
* Gem::Requirement.create treat arguments as variable-length. Pull request
  #1830 by Toru YAGI.
* Display an explanation when rake encounters an ontological problem. Pull
  request #1982 by Wilson Bilkovich.
* [Server] Handle gems with names ending in `-\d`. Pull request #1926 by
  Samuel Giddins.
* [InstallerSet] Avoid reloading _all_ local gems multiple times during
  dependency resolution. Pull request #1925 by Samuel Giddins.
* Modify the return value of Gem::Version.correct?. Pull request #1916 by
  Tsukuru Tanimichi.
* Validate metadata link keys. Pull request #1834 by Aditya Prakash.
* Add changelog to metadata validation. Pull request #1885 by Aditya
  Prakash.
* Replace socket error text message. Pull request #1823 by Daniel Berger.
* Raise error if the email is invalid when building cert. Pull request
  #1779 by Luis Sagastume.
* [StubSpecification] Don’t iterate through all loaded specs in #to_spec.
  Pull request #1738 by Samuel Giddins.
